[10-Jul-2026 11:52:40 Asia/Karachi] Rounding error -0.01 encountered for trans_type:10,trans_no:6
[10-Jul-2026 16:54:40 Asia/Karachi] <b>DATABASE ERROR :</b> Transactions could not be calculated<br>error code : 1030<br>error message : Got error 194 "Tablespace is missing for a table" from storage engine InnoDB<br>sql that failed was : SELECT SUM(IF(c.ctype > 3, -amount, 0)) AS result, SUM(IF(c.ctype < 4, amount, 0)) AS balance, d.reference, d.name FROM 0_gl_trans g 
		LEFT JOIN 0_chart_master AS a ON g.account = a.account_code
		LEFT JOIN 0_chart_types AS t ON t.id = a.account_type
		LEFT JOIN 0_dimensions AS d ON (g.dimension_id = d.id OR g.dimension2_id = d.id)
		LEFT JOIN 0_chart_class AS c ON t.class_id = c.cid
		WHERE IF(c.ctype > 3, tran_date >= '2022-01-01', tran_date >= '0000-00-00') 
		AND tran_date <= '2022-12-31'  AND d.reference IS NOT NULL GROUP BY d.reference ORDER BY result DESC LIMIT 3<br><br><br>
[10-Jul-2026 16:54:47 Asia/Karachi] <b>DATABASE ERROR :</b> Transactions could not be calculated<br>error code : 1030<br>error message : Got error 194 "Tablespace is missing for a table" from storage engine InnoDB<br>sql that failed was : SELECT SUM(IF(c.ctype > 3, -amount, 0)) AS result, SUM(IF(c.ctype < 4, amount, 0)) AS balance, d.reference, d.name FROM 0_gl_trans g 
		LEFT JOIN 0_chart_master AS a ON g.account = a.account_code
		LEFT JOIN 0_chart_types AS t ON t.id = a.account_type
		LEFT JOIN 0_dimensions AS d ON (g.dimension_id = d.id OR g.dimension2_id = d.id)
		LEFT JOIN 0_chart_class AS c ON t.class_id = c.cid
		WHERE IF(c.ctype > 3, tran_date >= '2022-01-01', tran_date >= '0000-00-00') 
		AND tran_date <= '2022-12-31'  AND d.reference IS NOT NULL GROUP BY d.reference ORDER BY result DESC LIMIT 3<br><br><br>
[10-Jul-2026 16:54:50 Asia/Karachi] <b>DATABASE ERROR :</b> Transactions could not be calculated<br>error code : 1030<br>error message : Got error 194 "Tablespace is missing for a table" from storage engine InnoDB<br>sql that failed was : SELECT SUM(IF(c.ctype > 3, -amount, 0)) AS result, SUM(IF(c.ctype < 4, amount, 0)) AS balance, d.reference, d.name FROM 0_gl_trans g 
		LEFT JOIN 0_chart_master AS a ON g.account = a.account_code
		LEFT JOIN 0_chart_types AS t ON t.id = a.account_type
		LEFT JOIN 0_dimensions AS d ON (g.dimension_id = d.id OR g.dimension2_id = d.id)
		LEFT JOIN 0_chart_class AS c ON t.class_id = c.cid
		WHERE IF(c.ctype > 3, tran_date >= '2022-01-01', tran_date >= '0000-00-00') 
		AND tran_date <= '2022-12-31'  AND d.reference IS NOT NULL GROUP BY d.reference ORDER BY result DESC LIMIT 3<br><br><br>
[10-Jul-2026 16:54:53 Asia/Karachi] <b>DATABASE ERROR :</b> Transactions could not be calculated<br>error code : 1030<br>error message : Got error 194 "Tablespace is missing for a table" from storage engine InnoDB<br>sql that failed was : SELECT SUM(IF(c.ctype > 3, -amount, 0)) AS result, SUM(IF(c.ctype < 4, amount, 0)) AS balance, d.reference, d.name FROM 0_gl_trans g 
		LEFT JOIN 0_chart_master AS a ON g.account = a.account_code
		LEFT JOIN 0_chart_types AS t ON t.id = a.account_type
		LEFT JOIN 0_dimensions AS d ON (g.dimension_id = d.id OR g.dimension2_id = d.id)
		LEFT JOIN 0_chart_class AS c ON t.class_id = c.cid
		WHERE IF(c.ctype > 3, tran_date >= '2022-01-01', tran_date >= '0000-00-00') 
		AND tran_date <= '2022-12-31'  AND d.reference IS NOT NULL GROUP BY d.reference ORDER BY result DESC LIMIT 3<br><br><br>
[10-Jul-2026 16:55:23 Asia/Karachi] <b>DATABASE ERROR :</b> cannot retrieve last reference<br>error code : 1030<br>error message : Got error 194 "Tablespace is missing for a table" from storage engine InnoDB<br>sql that failed was : SELECT MAX(CAST(SUBSTR(reference, 1,LENGTH(reference)-5) AS UNSIGNED)) FROM `0_stock_moves` tbl
					LEFT JOIN 0_voided v ON tbl.`trans_no`=v.id AND v.type='16' WHERE ISNULL(v.id) AND tbl.`type`='16' AND `reference` REGEXP '^[0-9]*/2022$'<br><br><br>
[10-Jul-2026 16:55:23 Asia/Karachi] <b>DATABASE ERROR :</b> cannot retrieve last reference<br>error code : 1030<br>error message : Got error 194 "Tablespace is missing for a table" from storage engine InnoDB<br>sql that failed was : SELECT MAX(CAST(SUBSTR(reference, 1,LENGTH(reference)-5) AS UNSIGNED)) FROM `0_stock_moves` tbl
					LEFT JOIN 0_voided v ON tbl.`trans_no`=v.id AND v.type='16' WHERE ISNULL(v.id) AND tbl.`type`='16' AND `reference` REGEXP '^[0-9]*/2022$'<br><br><br>
[10-Jul-2026 16:55:38 Asia/Karachi] <b>DATABASE ERROR :</b> cannot retrieve last reference<br>error code : 1030<br>error message : Got error 194 "Tablespace is missing for a table" from storage engine InnoDB<br>sql that failed was : SELECT MAX(CAST(SUBSTR(ref, 1,LENGTH(ref)-5) AS UNSIGNED)) FROM `0_bank_trans` tbl
					LEFT JOIN 0_voided v ON tbl.`trans_no`=v.id AND v.type='1' WHERE ISNULL(v.id) AND tbl.`type`='1' AND `ref` REGEXP '^[0-9]*/2026$'<br><br><br>
[10-Jul-2026 16:55:38 Asia/Karachi] <b>DATABASE ERROR :</b> cannot retrieve last reference<br>error code : 1030<br>error message : Got error 194 "Tablespace is missing for a table" from storage engine InnoDB<br>sql that failed was : SELECT MAX(CAST(SUBSTR(ref, 1,LENGTH(ref)-5) AS UNSIGNED)) FROM `0_bank_trans` tbl
					LEFT JOIN 0_voided v ON tbl.`trans_no`=v.id AND v.type='1' WHERE ISNULL(v.id) AND tbl.`type`='1' AND `ref` REGEXP '^[0-9]*/2026$'<br><br><br>
[10-Jul-2026 16:56:04 Asia/Karachi] <b>DATABASE ERROR :</b> cannot retrieve last reference<br>error code : 1030<br>error message : Got error 194 "Tablespace is missing for a table" from storage engine InnoDB<br>sql that failed was : SELECT MAX(CAST(SUBSTR(ref, 1,LENGTH(ref)-5) AS UNSIGNED)) FROM `0_bank_trans` tbl
					LEFT JOIN 0_voided v ON tbl.`trans_no`=v.id AND v.type='1' WHERE ISNULL(v.id) AND tbl.`type`='1' AND `ref` REGEXP '^[0-9]*/2026$'<br><br><br>
[10-Jul-2026 16:56:04 Asia/Karachi] <b>DATABASE ERROR :</b> cannot retrieve last reference<br>error code : 1030<br>error message : Got error 194 "Tablespace is missing for a table" from storage engine InnoDB<br>sql that failed was : SELECT MAX(CAST(SUBSTR(ref, 1,LENGTH(ref)-5) AS UNSIGNED)) FROM `0_bank_trans` tbl
					LEFT JOIN 0_voided v ON tbl.`trans_no`=v.id AND v.type='1' WHERE ISNULL(v.id) AND tbl.`type`='1' AND `ref` REGEXP '^[0-9]*/2026$'<br><br><br>
[10-Jul-2026 16:56:07 Asia/Karachi] <b>DATABASE ERROR :</b> cannot retrieve last reference<br>error code : 1030<br>error message : Got error 194 "Tablespace is missing for a table" from storage engine InnoDB<br>sql that failed was : SELECT MAX(CAST(SUBSTR(ref, 1,LENGTH(ref)-5) AS UNSIGNED)) FROM `0_bank_trans` tbl
					LEFT JOIN 0_voided v ON tbl.`trans_no`=v.id AND v.type='2' WHERE ISNULL(v.id) AND tbl.`type`='2' AND `ref` REGEXP '^[0-9]*/2026$'<br><br><br>
[10-Jul-2026 16:56:10 Asia/Karachi] <b>DATABASE ERROR :</b> cannot retrieve last reference<br>error code : 1030<br>error message : Got error 194 "Tablespace is missing for a table" from storage engine InnoDB<br>sql that failed was : SELECT MAX(CAST(SUBSTR(ref, 1,LENGTH(ref)-5) AS UNSIGNED)) FROM `0_bank_trans` tbl
					LEFT JOIN 0_voided v ON tbl.`trans_no`=v.id AND v.type='4' WHERE ISNULL(v.id) AND tbl.`type`='4' AND `ref` REGEXP '^[0-9]*/0000$'<br><br><br>
[10-Jul-2026 16:56:17 Asia/Karachi] <b>DATABASE ERROR :</b> Error reading record set<br>error code : 1030<br>error message : Got error 194 "Tablespace is missing for a table" from storage engine InnoDB<br>sql that failed was : SELECT COUNT(*) FROM (SELECT  IFNULL(a.gl_seq,0) as gl_seq,
        gl.tran_date,
        gl.type as trans_type,
        gl.type_no as trans_no,
        IF(MAX(gl.person_id), MAX(gl.person_id), IFNULL(st.supplier_id, IFNULL(grn.supplier_id, IFNULL(dt.debtor_no, bt.person_id)))) as person_id,
        IF(ISNULL(st.supp_reference), '', st.supp_reference) AS supp_reference,
        refs.reference,
        IF(gl.type=4,MAX(gl.amount),SUM(IF(gl.amount>0, gl.amount,0))) as amount,
        com.memo_,
        IF(ISNULL(u.user_id),'',u.user_id) as user_id,
        IF(MAX(gl.person_id), MAX(gl.person_type_id), IF(!ISNULL(st.supplier_id) OR !ISNULL(grn.supplier_id),3,IF(dt.debtor_no,2,IF(bt.person_id != '' AND !ISNULL(bt.person_id), bt.person_type_id, -1)))) as person_type_id
        FROM 0_gl_trans as gl
         LEFT JOIN 0_audit_trail as a ON
            (gl.type=a.type AND gl.type_no=a.trans_no)
         LEFT JOIN 0_comments as com ON
            (gl.type=com.type AND gl.type_no=com.id)
         LEFT JOIN 0_refs as refs ON
            (gl.type=refs.type AND gl.type_no=refs.id)
         LEFT JOIN 0_users as u ON
            a.user=u.id
         LEFT JOIN 0_grn_batch grn ON grn.id=gl.type_no AND gl.type=25
         LEFT JOIN 0_bank_trans bt ON bt.type=gl.type AND bt.trans_no=gl.type_no AND bt.amount!=0
                 AND (bt.person_id != '' AND !ISNULL(bt.person_id))
         LEFT JOIN 0_debtor_trans dt ON dt.type=gl.type AND gl.type_no=dt.trans_no AND gl.person_id=dt.debtor_no AND gl.person_type_id=2
         LEFT JOIN 0_supp_trans st ON st.type=gl.type AND gl.type_no=st.trans_no AND gl.person_id=st.supplier_id AND gl.person_type_id=3
         WHERE gl.tran_date >= '2026-06-10'
        AND gl.tran_date <= '2026-07-10'
        AND gl.amount!=0 AND gl_seq=0 GROUP BY gl.tran_date, a.gl_seq, gl.type, gl.type_no) tmp_count<br><br><br>
[10-Jul-2026 16:56:17 Asia/Karachi] <b>DATABASE ERROR :</b> Error reading record set<br>error code : 1030<br>error message : Got error 194 "Tablespace is missing for a table" from storage engine InnoDB<br>sql that failed was : SELECT COUNT(*) FROM (SELECT  IFNULL(a.gl_seq,0) as gl_seq,
        gl.tran_date,
        gl.type as trans_type,
        gl.type_no as trans_no,
        IF(MAX(gl.person_id), MAX(gl.person_id), IFNULL(st.supplier_id, IFNULL(grn.supplier_id, IFNULL(dt.debtor_no, bt.person_id)))) as person_id,
        IF(ISNULL(st.supp_reference), '', st.supp_reference) AS supp_reference,
        refs.reference,
        IF(gl.type=4,MAX(gl.amount),SUM(IF(gl.amount>0, gl.amount,0))) as amount,
        com.memo_,
        IF(ISNULL(u.user_id),'',u.user_id) as user_id,
        IF(MAX(gl.person_id), MAX(gl.person_type_id), IF(!ISNULL(st.supplier_id) OR !ISNULL(grn.supplier_id),3,IF(dt.debtor_no,2,IF(bt.person_id != '' AND !ISNULL(bt.person_id), bt.person_type_id, -1)))) as person_type_id
        FROM 0_gl_trans as gl
         LEFT JOIN 0_audit_trail as a ON
            (gl.type=a.type AND gl.type_no=a.trans_no)
         LEFT JOIN 0_comments as com ON
            (gl.type=com.type AND gl.type_no=com.id)
         LEFT JOIN 0_refs as refs ON
            (gl.type=refs.type AND gl.type_no=refs.id)
         LEFT JOIN 0_users as u ON
            a.user=u.id
         LEFT JOIN 0_grn_batch grn ON grn.id=gl.type_no AND gl.type=25
         LEFT JOIN 0_bank_trans bt ON bt.type=gl.type AND bt.trans_no=gl.type_no AND bt.amount!=0
                 AND (bt.person_id != '' AND !ISNULL(bt.person_id))
         LEFT JOIN 0_debtor_trans dt ON dt.type=gl.type AND gl.type_no=dt.trans_no AND gl.person_id=dt.debtor_no AND gl.person_type_id=2
         LEFT JOIN 0_supp_trans st ON st.type=gl.type AND gl.type_no=st.trans_no AND gl.person_id=st.supplier_id AND gl.person_type_id=3
         WHERE gl.tran_date >= '2026-06-10'
        AND gl.tran_date <= '2026-07-10'
        AND gl.amount!=0 AND gl_seq=0 GROUP BY gl.tran_date, a.gl_seq, gl.type, gl.type_no) tmp_count<br><br><br>
[10-Jul-2026 16:56:21 Asia/Karachi] <b>DATABASE ERROR :</b> Cannot retrieve tax summary<br>error code : 1030<br>error message : Got error 194 "Tablespace is missing for a table" from storage engine InnoDB<br>sql that failed was : SELECT 
				SUM(IF(trans_type=11,-1,1)*
				IF((reg_type=0) || ((trans_type IN(10,11,2))
					), net_amount*ex_rate,0)
				) net_output,

				SUM(IF(trans_type=11,-1,1)*
				IF((reg_type=0) || ((trans_type IN(10,11,2))
					), amount*ex_rate,0)) payable,

				SUM(IF(trans_type IN(21,1),-1,1)*
				IF((reg_type=1 OR trans_type IN (20,1)) AND tax_type_id AND taxrec.rate, net_amount*ex_rate, 0)) net_input,

				SUM(IF(trans_type IN(21,1),-1,1)*
				IF((reg_type=1 OR trans_type IN (20,1)) AND tax_type_id AND taxrec.rate , amount*ex_rate, 0)) collectible,
				taxrec.rate,
				ttype.id,
				ttype.name
		FROM 0_trans_tax_details taxrec LEFT JOIN 0_tax_types ttype ON taxrec.tax_type_id=ttype.id
		WHERE taxrec.trans_type IN (10,11,20,21,0)
			AND taxrec.tran_date >= '2026-06-01'
			AND taxrec.tran_date <= '2026-06-30'
		GROUP BY ttype.id<br><br><br>
[10-Jul-2026 16:56:21 Asia/Karachi] <b>DATABASE ERROR :</b> Cannot retrieve tax summary<br>error code : 1030<br>error message : Got error 194 "Tablespace is missing for a table" from storage engine InnoDB<br>sql that failed was : SELECT 
				SUM(IF(trans_type=11,-1,1)*
				IF((reg_type=0) || ((trans_type IN(10,11,2))
					), net_amount*ex_rate,0)
				) net_output,

				SUM(IF(trans_type=11,-1,1)*
				IF((reg_type=0) || ((trans_type IN(10,11,2))
					), amount*ex_rate,0)) payable,

				SUM(IF(trans_type IN(21,1),-1,1)*
				IF((reg_type=1 OR trans_type IN (20,1)) AND tax_type_id AND taxrec.rate, net_amount*ex_rate, 0)) net_input,

				SUM(IF(trans_type IN(21,1),-1,1)*
				IF((reg_type=1 OR trans_type IN (20,1)) AND tax_type_id AND taxrec.rate , amount*ex_rate, 0)) collectible,
				taxrec.rate,
				ttype.id,
				ttype.name
		FROM 0_trans_tax_details taxrec LEFT JOIN 0_tax_types ttype ON taxrec.tax_type_id=ttype.id
		WHERE taxrec.trans_type IN (10,11,20,21,0)
			AND taxrec.tran_date >= '2026-06-01'
			AND taxrec.tran_date <= '2026-06-30'
		GROUP BY ttype.id<br><br><br>
